<?xml version="1.0" encoding="UTF-8"?>
<testng-results ignored="0" total="1" passed="1" failed="0" skipped="0">
  <reporter-output>
  </reporter-output>
  <suite started-at="2025-08-21T18:34:21 IST" name="Default suite" finished-at="2025-08-21T18:34:33 IST" duration-ms="11749">
    <groups>
    </groups>
    <test started-at="2025-08-21T18:34:21 IST" name="Default test" finished-at="2025-08-21T18:34:33 IST" duration-ms="11749">
      <class name="Day27.LoginTest">
        <test-method is-config="true" signature="setUp()[pri:0, instance:Day27.LoginTest@1d296da]" started-at="2025-08-21T18:34:21 IST" name="setUp" finished-at="2025-08-21T18:34:30 IST" duration-ms="8802" status="PASS">
          <reporter-output>
          </reporter-output>
        </test-method> <!-- setUp -->
        <test-method signature="verifyValidLogin()[pri:0, instance:Day27.LoginTest@1d296da]" started-at="2025-08-21T18:34:30 IST" name="verifyValidLogin" finished-at="2025-08-21T18:34:32 IST" duration-ms="2712" status="PASS">
          <reporter-output>
          </reporter-output>
        </test-method> <!-- verifyValidLogin -->
        <test-method is-config="true" signature="tearDown()[pri:0, instance:Day27.LoginTest@1d296da]" started-at="2025-08-21T18:34:32 IST" name="tearDown" finished-at="2025-08-21T18:34:33 IST" duration-ms="201" status="PASS">
          <reporter-output>
          </reporter-output>
        </test-method> <!-- tearDown -->
      </class> <!-- Day27.LoginTest -->
    </test> <!-- Default test -->
  </suite> <!-- Default suite -->
</testng-results>
